[2022-11-25T17:21:18.065438+00:00] blog.INFO: Create user command started [] []
[2022-11-25T17:21:18.090179+00:00] blog.INFO: User created: 24cfa148-e3de-44bb-87e2-e0718019f967 [] []
[2022-11-25T17:24:13.808931+00:00] blog.INFO: Create user command started [] []
[2022-11-25T17:24:13.812603+00:00] blog.ERROR: User already exists: user123 {"exception":"[object] (GeekBrains\\LevelTwo\\Blog\\Exceptions\\CommandException(code: 0): User already exists: user123 at C:\\Users\\v\\Desktop\\engine4\\src\\Blog\\Commands\\CreateUserCommand.php:44)"} []
[2022-11-25T17:28:21.291071+00:00] blog.INFO: Create user command started [] []
[2022-11-25T17:30:11.939736+00:00] blog.INFO: Create user command started [] []
[2022-11-25T17:35:17.882079+00:00] blog.INFO: Create user command started [] []
[2022-11-25T17:35:17.886201+00:00] blog.WARNING: User already exists: user123 [] []
[2022-11-25T18:05:48.589153+00:00] blog.INFO: Create user command started [] []
[2022-11-25T18:05:48.591967+00:00] blog.WARNING: User already exists: user123 [] []
[2022-11-29T16:55:14.909073+00:00] blog.NOTICE: Route not found: POST /posts/create [] []
[2022-11-29T16:56:04.177391+00:00] blog.INFO: Post created: 453e7f17-3b90-48ff-8cfb-7dd4d3f29653 [] []
[2022-11-29T17:24:38.412960+00:00] blog.INFO: Create user command started [] []
[2022-11-29T17:27:18.330406+00:00] blog.INFO: Create user command started [] []
[2022-11-29T17:27:18.341926+00:00] blog.INFO: User created: ccca0384-ac68-4393-aac6-f7c866386ea1 [] []
[2022-11-29T17:39:41.918756+00:00] blog.INFO: Post created: ee9cff30-9e90-4228-9110-92360e8d77b4 [] []
[2022-11-29T17:50:34.908742+00:00] blog.INFO: Post created: c772e38e-8b18-432e-88b2-5bc40b5ac7e5 [] []
[2022-11-29T18:08:23.642533+00:00] blog.INFO: Post created: 55d89929-c330-4b6d-ba98-b4ded0f7241d [] []
[2022-11-29T18:19:07.974847+00:00] blog.INFO: Post created: a7d1ccfe-7052-4dd9-8bee-ca80eb67568e [] []
[2022-11-29T18:19:14.542346+00:00] blog.INFO: Post created: 6c1b71e6-0512-4aac-8cec-47794f40596a [] []
[2022-11-29T19:36:18.168418+00:00] blog.INFO: Post created: f4302a0c-3810-41fe-8731-7aa2b833f357 [] []
[2022-11-29T19:41:38.379428+00:00] blog.INFO: Post created: 911f7aad-29c0-4a3c-9f92-406f9a17595b [] []
